<?xml version="1.0" encoding="UTF-8"?>
<!-- Generated by org.testng.reporters.JUnitXMLReporter -->
<testsuite ignored="0" hostname="Mert" failures="0" tests="4" name="Default test" time="0.078" errors="0" timestamp="2024-10-07T17:14:35 CEST">
  <testcase classname="testNG.MyMathTest" name="testAddition" time="0.012"/>
  <testcase classname="testNG.MyMathTest" name="testDivision" time="0.001"/>
  <testcase classname="testNG.MyMathTest" name="testMultiplication" time="0.002"/>
  <testcase classname="testNG.MyMathTest" name="testSubtraction" time="0.001"/>
</testsuite> <!-- Default test -->
